This file contains any messages produced by compilers while
running configure, to aid debugging if configure makes a mistake.

It was created by CUnit configure 2.1-3, which was
generated by GNU Autoconf 2.63.  Invocation command line was

  $ ./configure 

## --------- ##
## Platform. ##
## --------- ##

hostname = localhost.localdomain
uname -m = x86_64
uname -r = 2.6.32-431.el6.x86_64
uname -s = Linux
uname -v = #1 SMP Fri Nov 22 03:15:09 UTC 2013

/usr/bin/uname -p = unknown
/bin/uname -X     = unknown

/bin/arch              = x86_64
/usr/bin/arch -k       = unknown
/usr/convex/getsysinfo = unknown
/usr/bin/hostinfo      = unknown
/bin/machine           = unknown
/usr/bin/oslevel       = unknown
/bin/universe          = unknown

PATH: /usr/local/bin
PATH: /bin
PATH: /usr/bin
PATH: /usr/local/sbin
PATH: /usr/sbin
PATH: /sbin
PATH: /home/ben/bin


## ----------- ##
## Core tests. ##
## ----------- ##

configure:2111: checking for a BSD-compatible install
configure:2179: result: /usr/bin/install -c
configure:2190: checking whether build environment is sane
configure:2250: result: yes
configure:2391: checking for a thread-safe mkdir -p
configure:2430: result: /bin/mkdir -p
configure:2443: checking for gawk
configure:2459: found /bin/gawk
configure:2470: result: gawk
configure:2481: checking whether make sets $(MAKE)
configure:2503: result: yes
configure:2838: checking for gcc
configure:2854: found /usr/bin/gcc
configure:2865: result: gcc
configure:3097: checking for C compiler version
configure:3105: gcc --version >&5
gcc (GCC) 4.4.7 20120313 (Red Hat 4.4.7-18)
Copyright (C) 2010 Free Software Foundation, Inc.
This is free software; see the source for copying conditions.  There is NO
warranty; not even for MERCHANTABILITY or FITNESS FOR A PARTICULAR PURPOSE.

configure:3109: $? = 0
configure:3116: gcc -v >&5
Using built-in specs.
Target: x86_64-redhat-linux
Configured with: ../configure --prefix=/usr --mandir=/usr/share/man --infodir=/usr/share/info --with-bugurl=http://bugzilla.redhat.com/bugzilla --enable-bootstrap --enable-shared --enable-threads=posix --enable-checking=release --with-system-zlib --enable-__cxa_atexit --disable-libunwind-exceptions --enable-gnu-unique-object --enable-languages=c,c++,objc,obj-c++,java,fortran,ada --enable-java-awt=gtk --disable-dssi --with-java-home=/usr/lib/jvm/java-1.5.0-gcj-1.5.0.0/jre --enable-libgcj-multifile --enable-java-maintainer-mode --with-ecj-jar=/usr/share/java/eclipse-ecj.jar --disable-libjava-multilib --with-ppl --with-cloog --with-tune=generic --with-arch_32=i686 --build=x86_64-redhat-linux
Thread model: posix
gcc version 4.4.7 20120313 (Red Hat 4.4.7-18) (GCC) 
configure:3120: $? = 0
configure:3127: gcc -V >&5
gcc: '-V' option must have argument
configure:3131: $? = 1
configure:3154: checking for C compiler default output file name
configure:3176: gcc  -DRELEASE=@RELEASE@ -Wall -W -pedantic -Wshadow -ansi -I/home/ben/STR/source/luna/src/libs/CUnit-2.1-3/CUnit/Headers -std=c99   -L/home/ben/STR/source/luna/src/libs/CUnit-2.1-3/CUnit/Sources conftest.c  >&5
configure:3180: $? = 0
configure:3218: result: a.out
configure:3237: checking whether the C compiler works
configure:3247: ./a.out
configure:3251: $? = 0
configure:3270: result: yes
configure:3277: checking whether we are cross compiling
configure:3279: result: no
configure:3282: checking for suffix of executables
configure:3289: gcc -o conftest  -DRELEASE=@RELEASE@ -Wall -W -pedantic -Wshadow -ansi -I/home/ben/STR/source/luna/src/libs/CUnit-2.1-3/CUnit/Headers -std=c99   -L/home/ben/STR/source/luna/src/libs/CUnit-2.1-3/CUnit/Sources conftest.c  >&5
configure:3293: $? = 0
configure:3319: result: 
configure:3325: checking for suffix of object files
configure:3351: gcc -c  -DRELEASE=@RELEASE@ -Wall -W -pedantic -Wshadow -ansi -I/home/ben/STR/source/luna/src/libs/CUnit-2.1-3/CUnit/Headers -std=c99  conftest.c >&5
configure:3355: $? = 0
configure:3380: result: o
configure:3384: checking whether we are using the GNU C compiler
configure:3413: gcc -c  -DRELEASE=@RELEASE@ -Wall -W -pedantic -Wshadow -ansi -I/home/ben/STR/source/luna/src/libs/CUnit-2.1-3/CUnit/Headers -std=c99  conftest.c >&5
configure:3420: $? = 0
configure:3437: result: yes
configure:3446: checking whether gcc accepts -g
configure:3476: gcc -c -g  conftest.c >&5
configure:3483: $? = 0
configure:3584: result: yes
configure:3601: checking for gcc option to accept ISO C89
configure:3675: gcc  -c  -DRELEASE=@RELEASE@ -Wall -W -pedantic -Wshadow -ansi -I/home/ben/STR/source/luna/src/libs/CUnit-2.1-3/CUnit/Headers -std=c99  conftest.c >&5
configure:3682: $? = 0
configure:3705: result: none needed
configure:3734: checking for style of include used by make
configure:3762: result: GNU
configure:3787: checking dependency style of gcc
configure:3897: result: gcc3
configure:3926: checking for a BSD-compatible install
configure:3994: result: /usr/bin/install -c
configure:4005: checking whether make sets $(MAKE)
configure:4027: result: yes
configure:4067: checking build system type
configure:4085: result: x86_64-unknown-linux-gnu
configure:4107: checking host system type
configure:4122: result: x86_64-unknown-linux-gnu
configure:4144: checking for a sed that does not truncate output
configure:4210: result: /bin/sed
configure:4228: checking for grep that handles long lines and -e
configure:4288: result: /bin/grep
configure:4293: checking for egrep
configure:4357: result: /bin/grep -E
configure:4362: checking for fgrep
configure:4426: result: /bin/grep -F
configure:4461: checking for ld used by gcc
configure:4528: result: /usr/bin/ld
configure:4537: checking if the linker (/usr/bin/ld) is GNU ld
configure:4552: result: yes
configure:4564: checking for BSD- or MS-compatible name lister (nm)
configure:4613: result: /usr/bin/nm -B
configure:4731: checking the name lister (/usr/bin/nm -B) interface
configure:4738: gcc -c  -DRELEASE=@RELEASE@ -Wall -W -pedantic -Wshadow -ansi -I/home/ben/STR/source/luna/src/libs/CUnit-2.1-3/CUnit/Headers -std=c99  conftest.c >&5
configure:4741: /usr/bin/nm -B "conftest.o"
configure:4744: output
0000000000000000 B some_variable
configure:4751: result: BSD nm
configure:4754: checking whether ln -s works
configure:4758: result: yes
configure:4766: checking the maximum length of command line arguments
configure:4886: result: 1966080
configure:4903: checking whether the shell understands some XSI constructs
configure:4913: result: yes
configure:4917: checking whether the shell understands "+="
configure:4923: result: yes
configure:4958: checking for /usr/bin/ld option to reload object files
configure:4965: result: -r
configure:5034: checking for objdump
configure:5050: found /usr/bin/objdump
configure:5061: result: objdump
configure:5093: checking how to recognize dependent libraries
configure:5289: result: pass_all
configure:5349: checking for ar
configure:5365: found /usr/bin/ar
configure:5376: result: ar
configure:5454: checking for strip
configure:5470: found /usr/bin/strip
configure:5481: result: strip
configure:5553: checking for ranlib
configure:5569: found /usr/bin/ranlib
configure:5580: result: ranlib
configure:5670: checking command to parse /usr/bin/nm -B output from gcc object
configure:5788: gcc -c  -DRELEASE=@RELEASE@ -Wall -W -pedantic -Wshadow -ansi -I/home/ben/STR/source/luna/src/libs/CUnit-2.1-3/CUnit/Headers -std=c99  conftest.c >&5
configure:5791: $? = 0
configure:5795: /usr/bin/nm -B conftest.o \| sed -n -e 's/^.*[	 ]\([ABCDGIRSTW][ABCDGIRSTW]*\)[	 ][	 ]*\([_A-Za-z][_A-Za-z0-9]*\)$/\1 \2 \2/p' \> conftest.nm
configure:5798: $? = 0
configure:5852: gcc -o conftest  -DRELEASE=@RELEASE@ -Wall -W -pedantic -Wshadow -ansi -I/home/ben/STR/source/luna/src/libs/CUnit-2.1-3/CUnit/Headers -std=c99   -L/home/ben/STR/source/luna/src/libs/CUnit-2.1-3/CUnit/Sources conftest.c conftstm.o >&5
conftest.c:17: warning: ISO C forbids conversion of function pointer to object pointer type
configure:5855: $? = 0
configure:5893: result: ok
configure:5989: gcc -c  -DRELEASE=@RELEASE@ -Wall -W -pedantic -Wshadow -ansi -I/home/ben/STR/source/luna/src/libs/CUnit-2.1-3/CUnit/Headers -std=c99  conftest.c >&5
configure:5992: $? = 0
configure:6760: checking how to run the C preprocessor
configure:6800: gcc -E  conftest.c
configure:6807: $? = 0
configure:6838: gcc -E  conftest.c
conftest.c:10:28: error: ac_nonexistent.h: No such file or directory
configure:6845: $? = 1
configure: failed program was:
| /* confdefs.h.  */
| #define PACKAGE_NAME "CUnit"
| #define PACKAGE_TARNAME "cunit"
| #define PACKAGE_VERSION "2.1-3"
| #define PACKAGE_STRING "CUnit 2.1-3"
| #define PACKAGE_BUGREPORT ""
| #define PACKAGE "CUnit"
| #define VERSION "2.1-3"
| /* end confdefs.h.  */
| #include <ac_nonexistent.h>
configure:6878: result: gcc -E
configure:6907: gcc -E  conftest.c
configure:6914: $? = 0
configure:6945: gcc -E  conftest.c
conftest.c:10:28: error: ac_nonexistent.h: No such file or directory
configure:6952: $? = 1
configure: failed program was:
| /* confdefs.h.  */
| #define PACKAGE_NAME "CUnit"
| #define PACKAGE_TARNAME "cunit"
| #define PACKAGE_VERSION "2.1-3"
| #define PACKAGE_STRING "CUnit 2.1-3"
| #define PACKAGE_BUGREPORT ""
| #define PACKAGE "CUnit"
| #define VERSION "2.1-3"
| /* end confdefs.h.  */
| #include <ac_nonexistent.h>
configure:6992: checking for ANSI C header files
configure:7022: gcc -c  -DRELEASE=@RELEASE@ -Wall -W -pedantic -Wshadow -ansi -I/home/ben/STR/source/luna/src/libs/CUnit-2.1-3/CUnit/Headers -std=c99  conftest.c >&5
configure:7029: $? = 0
configure:7128: gcc -o conftest  -DRELEASE=@RELEASE@ -Wall -W -pedantic -Wshadow -ansi -I/home/ben/STR/source/luna/src/libs/CUnit-2.1-3/CUnit/Headers -std=c99   -L/home/ben/STR/source/luna/src/libs/CUnit-2.1-3/CUnit/Sources conftest.c  >&5
configure:7132: $? = 0
configure:7138: ./conftest
configure:7142: $? = 0
configure:7160: result: yes
configure:7184: checking for sys/types.h
configure:7205: gcc -c  -DRELEASE=@RELEASE@ -Wall -W -pedantic -Wshadow -ansi -I/home/ben/STR/source/luna/src/libs/CUnit-2.1-3/CUnit/Headers -std=c99  conftest.c >&5
configure:7212: $? = 0
configure:7229: result: yes
configure:7184: checking for sys/stat.h
configure:7205: gcc -c  -DRELEASE=@RELEASE@ -Wall -W -pedantic -Wshadow -ansi -I/home/ben/STR/source/luna/src/libs/CUnit-2.1-3/CUnit/Headers -std=c99  conftest.c >&5
configure:7212: $? = 0
configure:7229: result: yes
configure:7184: checking for stdlib.h
configure:7205: gcc -c  -DRELEASE=@RELEASE@ -Wall -W -pedantic -Wshadow -ansi -I/home/ben/STR/source/luna/src/libs/CUnit-2.1-3/CUnit/Headers -std=c99  conftest.c >&5
configure:7212: $? = 0
configure:7229: result: yes
configure:7184: checking for string.h
configure:7205: gcc -c  -DRELEASE=@RELEASE@ -Wall -W -pedantic -Wshadow -ansi -I/home/ben/STR/source/luna/src/libs/CUnit-2.1-3/CUnit/Headers -std=c99  conftest.c >&5
configure:7212: $? = 0
configure:7229: result: yes
configure:7184: checking for memory.h
configure:7205: gcc -c  -DRELEASE=@RELEASE@ -Wall -W -pedantic -Wshadow -ansi -I/home/ben/STR/source/luna/src/libs/CUnit-2.1-3/CUnit/Headers -std=c99  conftest.c >&5
configure:7212: $? = 0
configure:7229: result: yes
configure:7184: checking for strings.h
configure:7205: gcc -c  -DRELEASE=@RELEASE@ -Wall -W -pedantic -Wshadow -ansi -I/home/ben/STR/source/luna/src/libs/CUnit-2.1-3/CUnit/Headers -std=c99  conftest.c >&5
configure:7212: $? = 0
configure:7229: result: yes
configure:7184: checking for inttypes.h
configure:7205: gcc -c  -DRELEASE=@RELEASE@ -Wall -W -pedantic -Wshadow -ansi -I/home/ben/STR/source/luna/src/libs/CUnit-2.1-3/CUnit/Headers -std=c99  conftest.c >&5
configure:7212: $? = 0
configure:7229: result: yes
configure:7184: checking for stdint.h
configure:7205: gcc -c  -DRELEASE=@RELEASE@ -Wall -W -pedantic -Wshadow -ansi -I/home/ben/STR/source/luna/src/libs/CUnit-2.1-3/CUnit/Headers -std=c99  conftest.c >&5
configure:7212: $? = 0
configure:7229: result: yes
configure:7184: checking for unistd.h
configure:7205: gcc -c  -DRELEASE=@RELEASE@ -Wall -W -pedantic -Wshadow -ansi -I/home/ben/STR/source/luna/src/libs/CUnit-2.1-3/CUnit/Headers -std=c99  conftest.c >&5
configure:7212: $? = 0
configure:7229: result: yes
configure:7247: checking for dlfcn.h
configure:7268: gcc -c  -DRELEASE=@RELEASE@ -Wall -W -pedantic -Wshadow -ansi -I/home/ben/STR/source/luna/src/libs/CUnit-2.1-3/CUnit/Headers -std=c99  conftest.c >&5
configure:7275: $? = 0
configure:7292: result: yes
configure:7478: checking for objdir
configure:7493: result: .libs
configure:7785: checking if gcc supports -fno-rtti -fno-exceptions
configure:7803: gcc -c  -DRELEASE=@RELEASE@ -Wall -W -pedantic -Wshadow -ansi -I/home/ben/STR/source/luna/src/libs/CUnit-2.1-3/CUnit/Headers -std=c99  -fno-rtti -fno-exceptions conftest.c >&5
cc1: warning: command line option "-fno-rtti" is valid for C++/ObjC++ but not for C
configure:7807: $? = 0
configure:7820: result: no
configure:7840: checking for gcc option to produce PIC
configure:8112: result: -fPIC -DPIC
configure:8124: checking if gcc PIC flag -fPIC -DPIC works
configure:8142: gcc -c  -DRELEASE=@RELEASE@ -Wall -W -pedantic -Wshadow -ansi -I/home/ben/STR/source/luna/src/libs/CUnit-2.1-3/CUnit/Headers -std=c99  -fPIC -DPIC -DPIC conftest.c >&5
configure:8146: $? = 0
configure:8159: result: yes
configure:8183: checking if gcc static flag -static works
configure:8211: result: no
configure:8226: checking if gcc supports -c -o file.o
configure:8247: gcc -c  -DRELEASE=@RELEASE@ -Wall -W -pedantic -Wshadow -ansi -I/home/ben/STR/source/luna/src/libs/CUnit-2.1-3/CUnit/Headers -std=c99  -o out/conftest2.o conftest.c >&5
configure:8251: $? = 0
configure:8273: result: yes
configure:8281: checking if gcc supports -c -o file.o
configure:8328: result: yes
configure:8361: checking whether the gcc linker (/usr/bin/ld -m elf_x86_64) supports shared libraries
configure:9435: result: yes
configure:9472: checking whether -lc should be explicitly linked in
configure:9477: gcc -c  -DRELEASE=@RELEASE@ -Wall -W -pedantic -Wshadow -ansi -I/home/ben/STR/source/luna/src/libs/CUnit-2.1-3/CUnit/Headers -std=c99  conftest.c >&5
configure:9480: $? = 0
configure:9495: gcc -shared conftest.o  -v -Wl,-soname -Wl,conftest -o conftest 2\>\&1 \| /bin/grep  -lc  \>/dev/null 2\>\&1
configure:9498: $? = 0
configure:9510: result: no
configure:9674: checking dynamic linker characteristics
configure:10117: gcc -o conftest  -DRELEASE=@RELEASE@ -Wall -W -pedantic -Wshadow -ansi -I/home/ben/STR/source/luna/src/libs/CUnit-2.1-3/CUnit/Headers -std=c99   -L/home/ben/STR/source/luna/src/libs/CUnit-2.1-3/CUnit/Sources -Wl,-rpath -Wl,/foo conftest.c  >&5
configure:10124: $? = 0
configure:10360: result: GNU/Linux ld.so
configure:10462: checking how to hardcode library paths into programs
configure:10487: result: immediate
configure:11320: checking whether stripping libraries is possible
configure:11325: result: yes
configure:11360: checking if libtool supports shared libraries
configure:11362: result: yes
configure:11365: checking whether to build shared libraries
configure:11386: result: yes
configure:11389: checking whether to build static libraries
configure:11393: result: yes
configure:11430: checking for main in -lc
configure:11459: gcc -o conftest  -DRELEASE=@RELEASE@ -Wall -W -pedantic -Wshadow -ansi -I/home/ben/STR/source/luna/src/libs/CUnit-2.1-3/CUnit/Headers -std=c99   -L/home/ben/STR/source/luna/src/libs/CUnit-2.1-3/CUnit/Sources conftest.c -lc   >&5
configure:11466: $? = 0
configure:11487: result: yes
configure:11662: checking for malloc
configure:11718: gcc -o conftest  -DRELEASE=@RELEASE@ -Wall -W -pedantic -Wshadow -ansi -I/home/ben/STR/source/luna/src/libs/CUnit-2.1-3/CUnit/Headers -std=c99   -L/home/ben/STR/source/luna/src/libs/CUnit-2.1-3/CUnit/Sources conftest.c -lc  >&5
conftest.c:46: warning: conflicting types for built-in function 'malloc'
configure:11725: $? = 0
configure:11745: result: yes
configure:11753: checking for free
configure:11809: gcc -o conftest  -DRELEASE=@RELEASE@ -Wall -W -pedantic -Wshadow -ansi -I/home/ben/STR/source/luna/src/libs/CUnit-2.1-3/CUnit/Headers -std=c99   -L/home/ben/STR/source/luna/src/libs/CUnit-2.1-3/CUnit/Sources conftest.c -lc  >&5
conftest.c:46: warning: conflicting types for built-in function 'free'
configure:11816: $? = 0
configure:11836: result: yes
configure:11844: checking for calloc
configure:11900: gcc -o conftest  -DRELEASE=@RELEASE@ -Wall -W -pedantic -Wshadow -ansi -I/home/ben/STR/source/luna/src/libs/CUnit-2.1-3/CUnit/Headers -std=c99   -L/home/ben/STR/source/luna/src/libs/CUnit-2.1-3/CUnit/Sources conftest.c -lc  >&5
conftest.c:46: warning: conflicting types for built-in function 'calloc'
configure:11907: $? = 0
configure:11927: result: yes
configure:11935: checking for realloc
configure:11991: gcc -o conftest  -DRELEASE=@RELEASE@ -Wall -W -pedantic -Wshadow -ansi -I/home/ben/STR/source/luna/src/libs/CUnit-2.1-3/CUnit/Headers -std=c99   -L/home/ben/STR/source/luna/src/libs/CUnit-2.1-3/CUnit/Sources conftest.c -lc  >&5
conftest.c:46: warning: conflicting types for built-in function 'realloc'
configure:11998: $? = 0
configure:12018: result: yes
configure:12027: checking for strcpy
configure:12083: gcc -o conftest  -DRELEASE=@RELEASE@ -Wall -W -pedantic -Wshadow -ansi -I/home/ben/STR/source/luna/src/libs/CUnit-2.1-3/CUnit/Headers -std=c99   -L/home/ben/STR/source/luna/src/libs/CUnit-2.1-3/CUnit/Sources conftest.c -lc  >&5
conftest.c:46: warning: conflicting types for built-in function 'strcpy'
configure:12090: $? = 0
configure:12110: result: yes
configure:12118: checking for strerror
configure:12174: gcc -o conftest  -DRELEASE=@RELEASE@ -Wall -W -pedantic -Wshadow -ansi -I/home/ben/STR/source/luna/src/libs/CUnit-2.1-3/CUnit/Headers -std=c99   -L/home/ben/STR/source/luna/src/libs/CUnit-2.1-3/CUnit/Sources conftest.c -lc  >&5
configure:12181: $? = 0
configure:12201: result: yes
configure:12210: checking for fopen
configure:12266: gcc -o conftest  -DRELEASE=@RELEASE@ -Wall -W -pedantic -Wshadow -ansi -I/home/ben/STR/source/luna/src/libs/CUnit-2.1-3/CUnit/Headers -std=c99   -L/home/ben/STR/source/luna/src/libs/CUnit-2.1-3/CUnit/Sources conftest.c -lc  >&5
configure:12273: $? = 0
configure:12293: result: yes
configure:12301: checking for fclose
configure:12357: gcc -o conftest  -DRELEASE=@RELEASE@ -Wall -W -pedantic -Wshadow -ansi -I/home/ben/STR/source/luna/src/libs/CUnit-2.1-3/CUnit/Headers -std=c99   -L/home/ben/STR/source/luna/src/libs/CUnit-2.1-3/CUnit/Sources conftest.c -lc  >&5
configure:12364: $? = 0
configure:12384: result: yes
configure:12392: checking for fprintf
configure:12448: gcc -o conftest  -DRELEASE=@RELEASE@ -Wall -W -pedantic -Wshadow -ansi -I/home/ben/STR/source/luna/src/libs/CUnit-2.1-3/CUnit/Headers -std=c99   -L/home/ben/STR/source/luna/src/libs/CUnit-2.1-3/CUnit/Sources conftest.c -lc  >&5
conftest.c:46: warning: conflicting types for built-in function 'fprintf'
configure:12455: $? = 0
configure:12475: result: yes
configure:12483: checking for snprintf
configure:12539: gcc -o conftest  -DRELEASE=@RELEASE@ -Wall -W -pedantic -Wshadow -ansi -I/home/ben/STR/source/luna/src/libs/CUnit-2.1-3/CUnit/Headers -std=c99   -L/home/ben/STR/source/luna/src/libs/CUnit-2.1-3/CUnit/Sources conftest.c -lc  >&5
conftest.c:46: warning: conflicting types for built-in function 'snprintf'
configure:12546: $? = 0
configure:12566: result: yes
configure:12574: checking for setvbuf
configure:12630: gcc -o conftest  -DRELEASE=@RELEASE@ -Wall -W -pedantic -Wshadow -ansi -I/home/ben/STR/source/luna/src/libs/CUnit-2.1-3/CUnit/Headers -std=c99   -L/home/ben/STR/source/luna/src/libs/CUnit-2.1-3/CUnit/Sources conftest.c -lc  >&5
configure:12637: $? = 0
configure:12657: result: yes
configure:12666: checking for time
configure:12722: gcc -o conftest  -DRELEASE=@RELEASE@ -Wall -W -pedantic -Wshadow -ansi -I/home/ben/STR/source/luna/src/libs/CUnit-2.1-3/CUnit/Headers -std=c99   -L/home/ben/STR/source/luna/src/libs/CUnit-2.1-3/CUnit/Sources conftest.c -lc  >&5
configure:12729: $? = 0
configure:12749: result: yes
configure:12757: checking for ctime
configure:12813: gcc -o conftest  -DRELEASE=@RELEASE@ -Wall -W -pedantic -Wshadow -ansi -I/home/ben/STR/source/luna/src/libs/CUnit-2.1-3/CUnit/Headers -std=c99   -L/home/ben/STR/source/luna/src/libs/CUnit-2.1-3/CUnit/Sources conftest.c -lc  >&5
configure:12820: $? = 0
configure:12840: result: yes
configure:12849: checking for ANSI C header files
configure:13017: result: yes
configure:13043: checking assert.h usability
configure:13060: gcc -c  -DRELEASE=@RELEASE@ -Wall -W -pedantic -Wshadow -ansi -I/home/ben/STR/source/luna/src/libs/CUnit-2.1-3/CUnit/Headers -std=c99  conftest.c >&5
configure:13067: $? = 0
configure:13081: result: yes
configure:13085: checking assert.h presence
configure:13100: gcc -E  conftest.c
configure:13107: $? = 0
configure:13121: result: yes
configure:13149: checking for assert.h
configure:13158: result: yes
configure:13189: checking ctype.h usability
configure:13206: gcc -c  -DRELEASE=@RELEASE@ -Wall -W -pedantic -Wshadow -ansi -I/home/ben/STR/source/luna/src/libs/CUnit-2.1-3/CUnit/Headers -std=c99  conftest.c >&5
configure:13213: $? = 0
configure:13227: result: yes
configure:13231: checking ctype.h presence
configure:13246: gcc -E  conftest.c
configure:13253: $? = 0
configure:13267: result: yes
configure:13295: checking for ctype.h
configure:13304: result: yes
configure:13335: checking math.h usability
configure:13352: gcc -c  -DRELEASE=@RELEASE@ -Wall -W -pedantic -Wshadow -ansi -I/home/ben/STR/source/luna/src/libs/CUnit-2.1-3/CUnit/Headers -std=c99  conftest.c >&5
configure:13359: $? = 0
configure:13373: result: yes
configure:13377: checking math.h presence
configure:13392: gcc -E  conftest.c
configure:13399: $? = 0
configure:13413: result: yes
configure:13441: checking for math.h
configure:13450: result: yes
configure:13481: checking file.h usability
configure:13498: gcc -c  -DRELEASE=@RELEASE@ -Wall -W -pedantic -Wshadow -ansi -I/home/ben/STR/source/luna/src/libs/CUnit-2.1-3/CUnit/Headers -std=c99  conftest.c >&5
conftest.c:60:18: error: file.h: No such file or directory
configure:13505: $? = 1
configure: failed program was:
| /* confdefs.h.  */
| #define PACKAGE_NAME "CUnit"
| #define PACKAGE_TARNAME "cunit"
| #define PACKAGE_VERSION "2.1-3"
| #define PACKAGE_STRING "CUnit 2.1-3"
| #define PACKAGE_BUGREPORT ""
| #define PACKAGE "CUnit"
| #define VERSION "2.1-3"
| #define STDC_HEADERS 1
| #define HAVE_SYS_TYPES_H 1
| #define HAVE_SYS_STAT_H 1
| #define HAVE_STDLIB_H 1
| #define HAVE_STRING_H 1
| #define HAVE_MEMORY_H 1
| #define HAVE_STRINGS_H 1
| #define HAVE_INTTYPES_H 1
| #define HAVE_STDINT_H 1
| #define HAVE_UNISTD_H 1
| #define HAVE_DLFCN_H 1
| #define LT_OBJDIR ".libs/"
| #define HAVE_LIBC 1
| #define STDC_HEADERS 1
| #define HAVE_ASSERT_H 1
| #define HAVE_CTYPE_H 1
| #define HAVE_MATH_H 1
| /* end confdefs.h.  */
| #include <stdio.h>
| #ifdef HAVE_SYS_TYPES_H
| # include <sys/types.h>
| #endif
| #ifdef HAVE_SYS_STAT_H
| # include <sys/stat.h>
| #endif
| #ifdef STDC_HEADERS
| # include <stdlib.h>
| # include <stddef.h>
| #else
| # ifdef HAVE_STDLIB_H
| #  include <stdlib.h>
| # endif
| #endif
| #ifdef HAVE_STRING_H
| # if !defined STDC_HEADERS && defined HAVE_MEMORY_H
| #  include <memory.h>
| # endif
| # include <string.h>
| #endif
| #ifdef HAVE_STRINGS_H
| # include <strings.h>
| #endif
| #ifdef HAVE_INTTYPES_H
| # include <inttypes.h>
| #endif
| #ifdef HAVE_STDINT_H
| # include <stdint.h>
| #endif
| #ifdef HAVE_UNISTD_H
| # include <unistd.h>
| #endif
| #include <file.h>
configure:13519: result: no
configure:13523: checking file.h presence
configure:13538: gcc -E  conftest.c
conftest.c:27:18: error: file.h: No such file or directory
configure:13545: $? = 1
configure: failed program was:
| /* confdefs.h.  */
| #define PACKAGE_NAME "CUnit"
| #define PACKAGE_TARNAME "cunit"
| #define PACKAGE_VERSION "2.1-3"
| #define PACKAGE_STRING "CUnit 2.1-3"
| #define PACKAGE_BUGREPORT ""
| #define PACKAGE "CUnit"
| #define VERSION "2.1-3"
| #define STDC_HEADERS 1
| #define HAVE_SYS_TYPES_H 1
| #define HAVE_SYS_STAT_H 1
| #define HAVE_STDLIB_H 1
| #define HAVE_STRING_H 1
| #define HAVE_MEMORY_H 1
| #define HAVE_STRINGS_H 1
| #define HAVE_INTTYPES_H 1
| #define HAVE_STDINT_H 1
| #define HAVE_UNISTD_H 1
| #define HAVE_DLFCN_H 1
| #define LT_OBJDIR ".libs/"
| #define HAVE_LIBC 1
| #define STDC_HEADERS 1
| #define HAVE_ASSERT_H 1
| #define HAVE_CTYPE_H 1
| #define HAVE_MATH_H 1
| /* end confdefs.h.  */
| #include <file.h>
configure:13559: result: no
configure:13587: checking for file.h
configure:13596: result: no
configure:13627: checking stdio.h usability
configure:13644: gcc -c  -DRELEASE=@RELEASE@ -Wall -W -pedantic -Wshadow -ansi -I/home/ben/STR/source/luna/src/libs/CUnit-2.1-3/CUnit/Headers -std=c99  conftest.c >&5
configure:13651: $? = 0
configure:13665: result: yes
configure:13669: checking stdio.h presence
configure:13684: gcc -E  conftest.c
configure:13691: $? = 0
configure:13705: result: yes
configure:13733: checking for stdio.h
configure:13742: result: yes
configure:13762: checking for stdlib.h
configure:13769: result: yes
configure:13908: checking for string.h
configure:13915: result: yes
configure:14053: checking for an ANSI C-conforming const
configure:14128: gcc -c  -DRELEASE=@RELEASE@ -Wall -W -pedantic -Wshadow -ansi -I/home/ben/STR/source/luna/src/libs/CUnit-2.1-3/CUnit/Headers -std=c99  conftest.c >&5
conftest.c: In function 'main':
conftest.c:59: warning: 't' is used uninitialized in this function
conftest.c:75: warning: 'b' may be used uninitialized in this function
configure:14135: $? = 0
configure:14150: result: yes
configure:14354: creating ./config.status

## ---------------------- ##
## Running config.status. ##
## ---------------------- ##

This file was extended by CUnit config.status 2.1-3, which was
generated by GNU Autoconf 2.63.  Invocation command line was

  CONFIG_FILES    = 
  CONFIG_HEADERS  = 
  CONFIG_LINKS    = 
  CONFIG_COMMANDS = 
  $ ./config.status 

on localhost.localdomain

config.status:1044: creating Jamrules
config.status:1044: creating Makefile
config.status:1044: creating CUnit.spec
config.status:1044: creating cunit.pc
config.status:1044: creating CUnit/Makefile
config.status:1044: creating CUnit/Headers/Makefile
config.status:1044: creating CUnit/Headers/CUnit.h
config.status:1044: creating CUnit/Sources/Makefile
config.status:1044: creating CUnit/Sources/Framework/Makefile
config.status:1044: creating CUnit/Sources/Automated/Makefile
config.status:1044: creating CUnit/Sources/Basic/Makefile
config.status:1044: creating CUnit/Sources/Console/Makefile
config.status:1044: creating CUnit/Sources/Curses/Makefile
config.status:1044: creating CUnit/Sources/Test/Makefile
config.status:1044: creating doc/Makefile
config.status:1044: creating doc/headers/Makefile
config.status:1044: creating Examples/Makefile
config.status:1044: creating Examples/AutomatedTest/Makefile
config.status:1044: creating Examples/BasicTest/Makefile
config.status:1044: creating Examples/ConsoleTest/Makefile
config.status:1044: creating Examples/CursesTest/Makefile
config.status:1044: creating Man/Makefile
config.status:1044: creating Man/man3/Makefile
config.status:1044: creating Share/Makefile
config.status:1044: creating config.h
config.status:1318: executing depfiles commands
config.status:1318: executing libtool commands

## ---------------- ##
## Cache variables. ##
## ---------------- ##

ac_cv_build=x86_64-unknown-linux-gnu
ac_cv_c_compiler_gnu=yes
ac_cv_c_const=yes
ac_cv_env_CC_set=
ac_cv_env_CC_value=
ac_cv_env_CFLAGS_set=
ac_cv_env_CFLAGS_value=
ac_cv_env_CPPFLAGS_set=
ac_cv_env_CPPFLAGS_value=
ac_cv_env_CPP_set=
ac_cv_env_CPP_value=
ac_cv_env_LDFLAGS_set=
ac_cv_env_LDFLAGS_value=
ac_cv_env_LIBS_set=
ac_cv_env_LIBS_value=
ac_cv_env_build_alias_set=
ac_cv_env_build_alias_value=
ac_cv_env_host_alias_set=
ac_cv_env_host_alias_value=
ac_cv_env_target_alias_set=
ac_cv_env_target_alias_value=
ac_cv_func_calloc=yes
ac_cv_func_ctime=yes
ac_cv_func_fclose=yes
ac_cv_func_fopen=yes
ac_cv_func_fprintf=yes
ac_cv_func_free=yes
ac_cv_func_malloc=yes
ac_cv_func_realloc=yes
ac_cv_func_setvbuf=yes
ac_cv_func_snprintf=yes
ac_cv_func_strcpy=yes
ac_cv_func_strerror=yes
ac_cv_func_time=yes
ac_cv_header_assert_h=yes
ac_cv_header_ctype_h=yes
ac_cv_header_dlfcn_h=yes
ac_cv_header_file_h=no
ac_cv_header_inttypes_h=yes
ac_cv_header_math_h=yes
ac_cv_header_memory_h=yes
ac_cv_header_stdc=yes
ac_cv_header_stdint_h=yes
ac_cv_header_stdio_h=yes
ac_cv_header_stdlib_h=yes
ac_cv_header_string_h=yes
ac_cv_header_strings_h=yes
ac_cv_header_sys_stat_h=yes
ac_cv_header_sys_types_h=yes
ac_cv_header_unistd_h=yes
ac_cv_host=x86_64-unknown-linux-gnu
ac_cv_lib_c_main=yes
ac_cv_objext=o
ac_cv_path_EGREP='/bin/grep -E'
ac_cv_path_FGREP='/bin/grep -F'
ac_cv_path_GREP=/bin/grep
ac_cv_path_SED=/bin/sed
ac_cv_path_install='/usr/bin/install -c'
ac_cv_path_mkdir=/bin/mkdir
ac_cv_prog_AWK=gawk
ac_cv_prog_CPP='gcc -E'
ac_cv_prog_ac_ct_AR=ar
ac_cv_prog_ac_ct_CC=gcc
ac_cv_prog_ac_ct_OBJDUMP=objdump
ac_cv_prog_ac_ct_RANLIB=ranlib
ac_cv_prog_ac_ct_STRIP=strip
ac_cv_prog_cc_c89=
ac_cv_prog_cc_g=yes
ac_cv_prog_make_make_set=yes
am_cv_CC_dependencies_compiler_type=gcc3
lt_cv_deplibs_check_method=pass_all
lt_cv_file_magic_cmd='$MAGIC_CMD'
lt_cv_file_magic_test_file=
lt_cv_ld_reload_flag=-r
lt_cv_nm_interface='BSD nm'
lt_cv_objdir=.libs
lt_cv_path_LD=/usr/bin/ld
lt_cv_path_NM='/usr/bin/nm -B'
lt_cv_prog_compiler_c_o=yes
lt_cv_prog_compiler_pic_works=yes
lt_cv_prog_compiler_rtti_exceptions=no
lt_cv_prog_compiler_static_works=no
lt_cv_prog_gnu_ld=yes
lt_cv_sys_global_symbol_pipe='sed -n -e '\''s/^.*[	 ]\([ABCDGIRSTW][ABCDGIRSTW]*\)[	 ][	 ]*\([_A-Za-z][_A-Za-z0-9]*\)$/\1 \2 \2/p'\'''
lt_cv_sys_global_symbol_to_c_name_address='sed -n -e '\''s/^: \([^ ]*\) $/  {\"\1\", (void *) 0},/p'\'' -e '\''s/^[ABCDGIRSTW]* \([^ ]*\) \([^ ]*\)$/  {"\2", (void *) \&\2},/p'\'''
lt_cv_sys_global_symbol_to_c_name_address_lib_prefix='sed -n -e '\''s/^: \([^ ]*\) $/  {\"\1\", (void *) 0},/p'\'' -e '\''s/^[ABCDGIRSTW]* \([^ ]*\) \(lib[^ ]*\)$/  {"\2", (void *) \&\2},/p'\'' -e '\''s/^[ABCDGIRSTW]* \([^ ]*\) \([^ ]*\)$/  {"lib\2", (void *) \&\2},/p'\'''
lt_cv_sys_global_symbol_to_cdecl='sed -n -e '\''s/^T .* \(.*\)$/extern int \1();/p'\'' -e '\''s/^[ABCDGIRSTW]* .* \(.*\)$/extern char \1;/p'\'''
lt_cv_sys_max_cmd_len=1966080

## ----------------- ##
## Output variables. ##
## ----------------- ##

ACLOCAL='${SHELL} /home/ben/STR/source/luna/src/libs/CUnit-2.1-3/missing --run aclocal-1.11'
AMDEPBACKSLASH='\'
AMDEP_FALSE='#'
AMDEP_TRUE=''
AMTAR='${SHELL} /home/ben/STR/source/luna/src/libs/CUnit-2.1-3/missing --run tar'
AR='ar'
AUTOCONF='${SHELL} /home/ben/STR/source/luna/src/libs/CUnit-2.1-3/missing --run autoconf'
AUTOHEADER='${SHELL} /home/ben/STR/source/luna/src/libs/CUnit-2.1-3/missing --run autoheader'
AUTOMAKE='${SHELL} /home/ben/STR/source/luna/src/libs/CUnit-2.1-3/missing --run automake-1.11'
AWK='gawk'
BUILD_AUTOMATED='TRUE'
BUILD_BASIC='TRUE'
BUILD_CONSOLE='TRUE'
BUILD_CURSES='FALSE'
BUILD_EXAMPLES='FALSE'
BUILD_TEST='FALSE'
CC='gcc'
CCDEPMODE='depmode=gcc3'
CFLAGS=' -DRELEASE=@RELEASE@ -Wall -W -pedantic -Wshadow -ansi -I/home/ben/STR/source/luna/src/libs/CUnit-2.1-3/CUnit/Headers -std=c99'
CPP='gcc -E'
CPPFLAGS=''
CURSES_LIB=''
CYGPATH_W='echo'
DEFS='-DHAVE_CONFIG_H'
DEPDIR='.deps'
DSYMUTIL=''
DUMPBIN=''
ECHO_C=''
ECHO_N='-n'
ECHO_T=''
EGREP='/bin/grep -E'
ENABLE_AUTOMATED_FALSE='#'
ENABLE_AUTOMATED_TRUE=''
ENABLE_BASIC_FALSE='#'
ENABLE_BASIC_TRUE=''
ENABLE_CONSOLE_FALSE='#'
ENABLE_CONSOLE_TRUE=''
ENABLE_CURSES_FALSE=''
ENABLE_CURSES_TRUE='#'
ENABLE_DEBUG='FALSE'
ENABLE_DEPRECATED='FALSE'
ENABLE_EXAMPLES_FALSE=''
ENABLE_EXAMPLES_TRUE='#'
ENABLE_MEMTRACE='FALSE'
ENABLE_TEST_FALSE=''
ENABLE_TEST_TRUE='#'
EXEEXT=''
FGREP='/bin/grep -F'
GREP='/bin/grep'
INSTALL_DATA='${INSTALL} -m 644'
INSTALL_PROGRAM='${INSTALL}'
INSTALL_SCRIPT='${INSTALL}'
INSTALL_STRIP_PROGRAM='$(install_sh) -c -s'
LD='/usr/bin/ld -m elf_x86_64'
LDFLAGS=' -L/home/ben/STR/source/luna/src/libs/CUnit-2.1-3/CUnit/Sources'
LIBOBJS=''
LIBS='-lc '
LIBTOOL='$(SHELL) $(top_builddir)/libtool'
LIBTOOL_AGE='0'
LIBTOOL_CURRENT='1'
LIBTOOL_REVISION='1'
LIBTOOL_SUFFIX1='1'
LIBTOOL_SUFFIX='1.0.1'
LIPO=''
LN_S='ln -s'
LTLIBOBJS=''
MAKEINFO='${SHELL} /home/ben/STR/source/luna/src/libs/CUnit-2.1-3/missing --run makeinfo'
MKDIR_P='/bin/mkdir -p'
NM='/usr/bin/nm -B'
NMEDIT=''
OBJDUMP='objdump'
OBJEXT='o'
OTOOL64=''
OTOOL=''
PACKAGE='CUnit'
PACKAGE_BUGREPORT=''
PACKAGE_NAME='CUnit'
PACKAGE_STRING='CUnit 2.1-3'
PACKAGE_TARNAME='cunit'
PACKAGE_VERSION='2.1-3'
PATH_SEPARATOR=':'
RANLIB='ranlib'
RELEASE='3'
SED='/bin/sed'
SET_MAKE=''
SHELL='/bin/sh'
STRIP='strip'
VERSION='2.1'
VERSION_MAJOR='2'
VERSION_MINOR='1'
ac_ct_CC='gcc'
ac_ct_DUMPBIN=''
am__EXEEXT_FALSE=''
am__EXEEXT_TRUE='#'
am__fastdepCC_FALSE='#'
am__fastdepCC_TRUE=''
am__include='include'
am__isrc=''
am__leading_dot='.'
am__quote=''
am__tar='${AMTAR} chof - "$$tardir"'
am__untar='${AMTAR} xf -'
bindir='${exec_prefix}/bin'
build='x86_64-unknown-linux-gnu'
build_alias=''
build_cpu='x86_64'
build_os='linux-gnu'
build_vendor='unknown'
datadir='${datarootdir}'
datarootdir='${prefix}/share'
docdir='${datarootdir}/doc/${PACKAGE_TARNAME}'
dvidir='${docdir}'
exec_prefix='${prefix}'
host='x86_64-unknown-linux-gnu'
host_alias=''
host_cpu='x86_64'
host_os='linux-gnu'
host_vendor='unknown'
htmldir='${docdir}'
includedir='${prefix}/include'
infodir='${datarootdir}/info'
install_sh='${SHELL} /home/ben/STR/source/luna/src/libs/CUnit-2.1-3/install-sh'
libdir='${exec_prefix}/lib'
libexecdir='${exec_prefix}/libexec'
localedir='${datarootdir}/locale'
localstatedir='${prefix}/var'
lt_ECHO='echo'
mandir='${datarootdir}/man'
mkdir_p='/bin/mkdir -p'
oldincludedir='/usr/include'
pdfdir='${docdir}'
prefix='/usr/local'
program_transform_name='s,x,x,'
psdir='${docdir}'
sbindir='${exec_prefix}/sbin'
sharedstatedir='${prefix}/com'
sysconfdir='${prefix}/etc'
target_alias=''

## ----------- ##
## confdefs.h. ##
## ----------- ##

#define PACKAGE_NAME "CUnit"
#define PACKAGE_TARNAME "cunit"
#define PACKAGE_VERSION "2.1-3"
#define PACKAGE_STRING "CUnit 2.1-3"
#define PACKAGE_BUGREPORT ""
#define PACKAGE "CUnit"
#define VERSION "2.1-3"
#define STDC_HEADERS 1
#define HAVE_SYS_TYPES_H 1
#define HAVE_SYS_STAT_H 1
#define HAVE_STDLIB_H 1
#define HAVE_STRING_H 1
#define HAVE_MEMORY_H 1
#define HAVE_STRINGS_H 1
#define HAVE_INTTYPES_H 1
#define HAVE_STDINT_H 1
#define HAVE_UNISTD_H 1
#define HAVE_DLFCN_H 1
#define LT_OBJDIR ".libs/"
#define HAVE_LIBC 1
#define STDC_HEADERS 1
#define HAVE_ASSERT_H 1
#define HAVE_CTYPE_H 1
#define HAVE_MATH_H 1
#define HAVE_STDIO_H 1
#define HAVE_STDLIB_H 1
#define HAVE_STRING_H 1

configure: exit 0
